app/build/intermediates/manifest_merge_blame_file/debug/processDebugMainManifest/manifest-merger-blame-debug-report.txt
1<?xml version="1.0" encoding="utf-8"?>
2<manifest xmlns:android="http://schemas.android.com/apk/res/android"
3    package="com.soloretreat"
4    android:versionCode="1"
5    android:versionName="1.0.0" >
6
7    <uses-sdk
8        android:minSdkVersion="26"
9        android:targetSdkVersion="34" />
10
11    <uses-permission android:name="android.permission.POST_NOTIFICATIONS" />
11-->src/main/AndroidManifest.xml:5:5-77
11-->src/main/AndroidManifest.xml:5:22-74
12    <uses-permission android:name="android.permission.FOREGROUND_SERVICE" />
12-->src/main/AndroidManifest.xml:6:5-8:30
12-->src/main/AndroidManifest.xml:7:9-61
13    <uses-permission android:name="android.permission.FOREGROUND_SERVICE_MEDIA_PLAYBACK" />
13-->src/main/AndroidManifest.xml:9:5-11:30
13-->src/main/AndroidManifest.xml:10:9-76
14    <uses-permission android:name="android.permission.FOREGROUND_SERVICE_SPECIAL_USE" />
14-->src/main/AndroidManifest.xml:12:5-14:30
14-->src/main/AndroidManifest.xml:13:9-73
15    <uses-permission android:name="android.permission.RECEIVE_BOOT_COMPLETED" />
15-->src/main/AndroidManifest.xml:15:5-81
15-->src/main/AndroidManifest.xml:15:22-78
16    <uses-permission android:name="android.permission.INTERNET" />
16-->src/main/AndroidManifest.xml:16:5-67
16-->src/main/AndroidManifest.xml:16:22-64
17    <uses-permission android:name="android.permission.ACCESS_NETWORK_STATE" />
17-->src/main/AndroidManifest.xml:17:5-79
17-->src/main/AndroidManifest.xml:17:22-76
18    <uses-permission android:name="android.permission.WAKE_LOCK" />
18-->src/main/AndroidManifest.xml:18:5-68
18-->src/main/AndroidManifest.xml:18:22-65
19
20    <permission
20-->[androidx.core:core:1.12.0] AndroidManifest.xml:22:5-24:47
21        android:name="com.soloretreat.DYNAMIC_RECEIVER_NOT_EXPORTED_PERMISSION"
21-->[androidx.core:core:1.12.0] AndroidManifest.xml:23:9-81
22        android:protectionLevel="signature" />
22-->[androidx.core:core:1.12.0] AndroidManifest.xml:24:9-44
23
24    <uses-permission android:name="com.soloretreat.DYNAMIC_RECEIVER_NOT_EXPORTED_PERMISSION" />
24-->[androidx.core:core:1.12.0] AndroidManifest.xml:26:5-97
24-->[androidx.core:core:1.12.0] AndroidManifest.xml:26:22-94
25
26    <application
26-->src/main/AndroidManifest.xml:20:5-98:19
27        android:name="com.soloretreat.HomeRetreatApplication"
27-->src/main/AndroidManifest.xml:21:9-62
28        android:allowBackup="true"
28-->src/main/AndroidManifest.xml:22:9-35
29        android:appComponentFactory="androidx.core.app.CoreComponentFactory"
29-->[androidx.core:core:1.12.0] AndroidManifest.xml:28:18-86
30        android:dataExtractionRules="@xml/data_extraction_rules"
30-->src/main/AndroidManifest.xml:23:9-65
31        android:debuggable="true"
32        android:extractNativeLibs="false"
33        android:fullBackupContent="@xml/backup_rules"
33-->src/main/AndroidManifest.xml:24:9-54
34        android:icon="@mipmap/ic_launcher"
34-->src/main/AndroidManifest.xml:25:9-43
35        android:label="@string/app_name"
35-->src/main/AndroidManifest.xml:27:9-41
36        android:roundIcon="@mipmap/ic_launcher_round"
36-->src/main/AndroidManifest.xml:26:9-54
37        android:supportsRtl="true"
37-->src/main/AndroidManifest.xml:28:9-35
38        android:testOnly="true"
39        android:theme="@style/Theme.HomeRetreatPlanner" >
39-->src/main/AndroidManifest.xml:29:9-56
40        <activity
40-->src/main/AndroidManifest.xml:32:9-41:20
41            android:name="com.soloretreat.ui.MainActivity"
41-->src/main/AndroidManifest.xml:33:13-44
42            android:exported="true"
42-->src/main/AndroidManifest.xml:34:13-36
43            android:launchMode="singleTask"
43-->src/main/AndroidManifest.xml:36:13-44
44            android:theme="@style/Theme.HomeRetreatPlanner" >
44-->src/main/AndroidManifest.xml:35:13-60
45            <intent-filter>
45-->src/main/AndroidManifest.xml:37:13-40:29
46                <action android:name="android.intent.action.MAIN" />
46-->src/main/AndroidManifest.xml:38:17-69
46-->src/main/AndroidManifest.xml:38:25-66
47
48                <category android:name="android.intent.category.LAUNCHER" />
48-->src/main/AndroidManifest.xml:39:17-77
48-->src/main/AndroidManifest.xml:39:27-74
49            </intent-filter>
50        </activity>
51
52        <receiver
52-->src/main/AndroidManifest.xml:43:9-46:40
53            android:name="com.soloretreat.service.RetreatAlarmReceiver"
53-->src/main/AndroidManifest.xml:44:13-57
54            android:enabled="true"
54-->src/main/AndroidManifest.xml:45:13-35
55            android:exported="false" />
55-->src/main/AndroidManifest.xml:46:13-37
56        <receiver
56-->src/main/AndroidManifest.xml:48:9-51:40
57            android:name="com.soloretreat.service.RetreatStopReceiver"
57-->src/main/AndroidManifest.xml:49:13-56
58            android:enabled="true"
58-->src/main/AndroidManifest.xml:50:13-35
59            android:exported="false" />
59-->src/main/AndroidManifest.xml:51:13-37
60
61        <service
61-->src/main/AndroidManifest.xml:53:9-61:19
62            android:name="com.soloretreat.service.TalkPlayerService"
62-->src/main/AndroidManifest.xml:54:13-54
63            android:enabled="true"
63-->src/main/AndroidManifest.xml:55:13-35
64            android:exported="false"
64-->src/main/AndroidManifest.xml:56:13-37
65            android:foregroundServiceType="mediaPlayback" >
65-->src/main/AndroidManifest.xml:57:13-58
66            <intent-filter>
66-->src/main/AndroidManifest.xml:58:13-60:29
67                <action android:name="androidx.media3.session.MediaSessionService" />
67-->src/main/AndroidManifest.xml:59:17-86
67-->src/main/AndroidManifest.xml:59:25-83
68            </intent-filter>
69        </service>
70        <service
70-->src/main/AndroidManifest.xml:63:9-71:19
71            android:name="com.soloretreat.service.MeditationTimerService"
71-->src/main/AndroidManifest.xml:64:13-59
72            android:enabled="true"
72-->src/main/AndroidManifest.xml:65:13-35
73            android:exported="false"
73-->src/main/AndroidManifest.xml:66:13-37
74            android:foregroundServiceType="specialUse" >
74-->src/main/AndroidManifest.xml:67:13-55
75            <property
75-->src/main/AndroidManifest.xml:68:13-70:60
76                android:name="android.app.PROPERTY_SPECIAL_USE_FGS_SUBTYPE"
76-->src/main/AndroidManifest.xml:69:17-76
77                android:value="meditation_timer_session" />
77-->src/main/AndroidManifest.xml:70:17-57
78        </service>
79
80        <receiver
80-->src/main/AndroidManifest.xml:73:9-80:20
81            android:name="com.soloretreat.service.BootCompletedReceiver"
81-->src/main/AndroidManifest.xml:74:13-58
82            android:enabled="true"
82-->src/main/AndroidManifest.xml:75:13-35
83            android:exported="true" >
83-->src/main/AndroidManifest.xml:76:13-36
84            <intent-filter>
84-->src/main/AndroidManifest.xml:77:13-79:29
85                <action android:name="android.intent.action.BOOT_COMPLETED" />
85-->src/main/AndroidManifest.xml:78:17-79
85-->src/main/AndroidManifest.xml:78:25-76
86            </intent-filter>
87        </receiver>
88        <receiver
88-->src/main/AndroidManifest.xml:87:9-96:20
89            android:name="com.soloretreat.ui.widget.RetreatWidgetReceiver"
89-->src/main/AndroidManifest.xml:88:13-60
90            android:exported="true" >
90-->src/main/AndroidManifest.xml:89:13-36
91            <intent-filter>
91-->src/main/AndroidManifest.xml:90:13-92:29
92                <action android:name="android.appwidget.action.APPWIDGET_UPDATE" />
92-->src/main/AndroidManifest.xml:91:17-84
92-->src/main/AndroidManifest.xml:91:25-81
93            </intent-filter>
94
95            <meta-data
95-->src/main/AndroidManifest.xml:93:13-95:63
96                android:name="android.appwidget.provider"
96-->src/main/AndroidManifest.xml:94:17-58
97                android:resource="@xml/retreat_widget_info" />
97-->src/main/AndroidManifest.xml:95:17-60
98        </receiver>
99
100        <activity
100-->[androidx.glance:glance-appwidget:1.0.0] AndroidManifest.xml:23:9-27:40
101            android:name="androidx.glance.appwidget.action.ActionTrampolineActivity"
101-->[androidx.glance:glance-appwidget:1.0.0] AndroidManifest.xml:24:13-85
102            android:enabled="true"
102-->[androidx.glance:glance-appwidget:1.0.0] AndroidManifest.xml:25:13-35
103            android:excludeFromRecents="true"
103-->[androidx.glance:glance-appwidget:1.0.0] AndroidManifest.xml:26:13-46
104            android:exported="false" />
104-->[androidx.glance:glance-appwidget:1.0.0] AndroidManifest.xml:27:13-37
105        <activity
105-->[androidx.glance:glance-appwidget:1.0.0] AndroidManifest.xml:28:9-35:81
106            android:name="androidx.glance.appwidget.action.InvisibleActionTrampolineActivity"
106-->[androidx.glance:glance-appwidget:1.0.0] AndroidManifest.xml:29:13-94
107            android:enabled="true"
107-->[androidx.glance:glance-appwidget:1.0.0] AndroidManifest.xml:30:13-35
108            android:exported="false"
108-->[androidx.glance:glance-appwidget:1.0.0] AndroidManifest.xml:31:13-37
109            android:launchMode="singleInstance"
109-->[androidx.glance:glance-appwidget:1.0.0] AndroidManifest.xml:32:13-48
110            android:noHistory="true"
110-->[androidx.glance:glance-appwidget:1.0.0] AndroidManifest.xml:33:13-37
111            android:taskAffinity="androidx.glance.appwidget.ListAdapterCallbackTrampoline"
111-->[androidx.glance:glance-appwidget:1.0.0] AndroidManifest.xml:34:13-91
112            android:theme="@style/Widget.Glance.AppWidget.CallbackTrampoline" />
112-->[androidx.glance:glance-appwidget:1.0.0] AndroidManifest.xml:35:13-78
113
114        <receiver
114-->[androidx.glance:glance-appwidget:1.0.0] AndroidManifest.xml:37:9-40:40
115            android:name="androidx.glance.appwidget.action.ActionCallbackBroadcastReceiver"
115-->[androidx.glance:glance-appwidget:1.0.0] AndroidManifest.xml:38:13-92
116            android:enabled="true"
116-->[androidx.glance:glance-appwidget:1.0.0] AndroidManifest.xml:39:13-35
117            android:exported="false" />
117-->[androidx.glance:glance-appwidget:1.0.0] AndroidManifest.xml:40:13-37
118        <receiver
118-->[androidx.glance:glance-appwidget:1.0.0] AndroidManifest.xml:41:9-48:20
119            android:name="androidx.glance.appwidget.MyPackageReplacedReceiver"
119-->[androidx.glance:glance-appwidget:1.0.0] AndroidManifest.xml:42:13-79
120            android:enabled="true"
120-->[androidx.glance:glance-appwidget:1.0.0] AndroidManifest.xml:43:13-35
121            android:exported="false" >
121-->[androidx.glance:glance-appwidget:1.0.0] AndroidManifest.xml:44:13-37
122            <intent-filter>
122-->[androidx.glance:glance-appwidget:1.0.0] AndroidManifest.xml:45:13-47:29
123                <action android:name="android.intent.action.MY_PACKAGE_REPLACED" />
123-->[androidx.glance:glance-appwidget:1.0.0] AndroidManifest.xml:46:17-84
123-->[androidx.glance:glance-appwidget:1.0.0] AndroidManifest.xml:46:25-81
124            </intent-filter>
125        </receiver>
126
127        <service
127-->[androidx.glance:glance-appwidget:1.0.0] AndroidManifest.xml:50:9-53:72
128            android:name="androidx.glance.appwidget.GlanceRemoteViewsService"
128-->[androidx.glance:glance-appwidget:1.0.0] AndroidManifest.xml:51:13-78
129            android:exported="true"
129-->[androidx.glance:glance-appwidget:1.0.0] AndroidManifest.xml:52:13-36
130            android:permission="android.permission.BIND_REMOTEVIEWS" />
130-->[androidx.glance:glance-appwidget:1.0.0] AndroidManifest.xml:53:13-69
131
132        <provider
132-->[androidx.work:work-runtime:2.9.0] AndroidManifest.xml:29:9-37:20
133            android:name="androidx.startup.InitializationProvider"
133-->[androidx.work:work-runtime:2.9.0] AndroidManifest.xml:30:13-67
134            android:authorities="com.soloretreat.androidx-startup"
134-->[androidx.work:work-runtime:2.9.0] AndroidManifest.xml:31:13-68
135            android:exported="false" >
135-->[androidx.work:work-runtime:2.9.0] AndroidManifest.xml:32:13-37
136            <meta-data
136-->src/main/AndroidManifest.xml:83:9-85:35
137                android:name="androidx.work.WorkManagerInitializer"
137-->src/main/AndroidManifest.xml:84:13-64
138                android:value="androidx.startup" />
139            <meta-data
139-->[androidx.emoji2:emoji2:1.3.0] AndroidManifest.xml:29:13-31:52
140                android:name="androidx.emoji2.text.EmojiCompatInitializer"
140-->[androidx.emoji2:emoji2:1.3.0] AndroidManifest.xml:30:17-75
141                android:value="androidx.startup" />
141-->[androidx.emoji2:emoji2:1.3.0] AndroidManifest.xml:31:17-49
142            <meta-data
142-->[androidx.lifecycle:lifecycle-process:2.7.0] AndroidManifest.xml:29:13-31:52
143                android:name="androidx.lifecycle.ProcessLifecycleInitializer"
143-->[androidx.lifecycle:lifecycle-process:2.7.0] AndroidManifest.xml:30:17-78
144                android:value="androidx.startup" />
144-->[androidx.lifecycle:lifecycle-process:2.7.0] AndroidManifest.xml:31:17-49
145            <meta-data
145-->[androidx.profileinstaller:profileinstaller:1.3.0] AndroidManifest.xml:29:13-31:52
146                android:name="androidx.profileinstaller.ProfileInstallerInitializer"
146-->[androidx.profileinstaller:profileinstaller:1.3.0] AndroidManifest.xml:30:17-85
147                android:value="androidx.startup" />
147-->[androidx.profileinstaller:profileinstaller:1.3.0] AndroidManifest.xml:31:17-49
148        </provider>
149
150        <service
150-->[androidx.work:work-runtime:2.9.0] AndroidManifest.xml:39:9-45:35
151            android:name="androidx.work.impl.background.systemalarm.SystemAlarmService"
151-->[androidx.work:work-runtime:2.9.0] AndroidManifest.xml:40:13-88
152            android:directBootAware="false"
152-->[androidx.work:work-runtime:2.9.0] AndroidManifest.xml:41:13-44
153            android:enabled="@bool/enable_system_alarm_service_default"
153-->[androidx.work:work-runtime:2.9.0] AndroidManifest.xml:42:13-72
154            android:exported="false" />
154-->[androidx.work:work-runtime:2.9.0] AndroidManifest.xml:43:13-37
155        <service
155-->[androidx.work:work-runtime:2.9.0] AndroidManifest.xml:46:9-52:35
156            android:name="androidx.work.impl.background.systemjob.SystemJobService"
156-->[androidx.work:work-runtime:2.9.0] AndroidManifest.xml:47:13-84
157            android:directBootAware="false"
157-->[androidx.work:work-runtime:2.9.0] AndroidManifest.xml:48:13-44
158            android:enabled="@bool/enable_system_job_service_default"
158-->[androidx.work:work-runtime:2.9.0] AndroidManifest.xml:49:13-70
159            android:exported="true"
159-->[androidx.work:work-runtime:2.9.0] AndroidManifest.xml:50:13-36
160            android:permission="android.permission.BIND_JOB_SERVICE" />
160-->[androidx.work:work-runtime:2.9.0] AndroidManifest.xml:51:13-69
161        <service
161-->[androidx.work:work-runtime:2.9.0] AndroidManifest.xml:53:9-59:35
162            android:name="androidx.work.impl.foreground.SystemForegroundService"
162-->[androidx.work:work-runtime:2.9.0] AndroidManifest.xml:54:13-81
163            android:directBootAware="false"
163-->[androidx.work:work-runtime:2.9.0] AndroidManifest.xml:55:13-44
164            android:enabled="@bool/enable_system_foreground_service_default"
164-->[androidx.work:work-runtime:2.9.0] AndroidManifest.xml:56:13-77
165            android:exported="false" />
165-->[androidx.work:work-runtime:2.9.0] AndroidManifest.xml:57:13-37
166
167        <receiver
167-->[androidx.work:work-runtime:2.9.0] AndroidManifest.xml:61:9-66:35
168            android:name="androidx.work.impl.utils.ForceStopRunnable$BroadcastReceiver"
168-->[androidx.work:work-runtime:2.9.0] AndroidManifest.xml:62:13-88
169            android:directBootAware="false"
169-->[androidx.work:work-runtime:2.9.0] AndroidManifest.xml:63:13-44
170            android:enabled="true"
170-->[androidx.work:work-runtime:2.9.0] AndroidManifest.xml:64:13-35
171            android:exported="false" />
171-->[androidx.work:work-runtime:2.9.0] AndroidManifest.xml:65:13-37
172        <receiver
172-->[androidx.work:work-runtime:2.9.0] AndroidManifest.xml:67:9-77:20
173            android:name="androidx.work.impl.background.systemalarm.ConstraintProxy$BatteryChargingProxy"
173-->[androidx.work:work-runtime:2.9.0] AndroidManifest.xml:68:13-106
174            android:directBootAware="false"
174-->[androidx.work:work-runtime:2.9.0] AndroidManifest.xml:69:13-44
175            android:enabled="false"
175-->[androidx.work:work-runtime:2.9.0] AndroidManifest.xml:70:13-36
176            android:exported="false" >
176-->[androidx.work:work-runtime:2.9.0] AndroidManifest.xml:71:13-37
177            <intent-filter>
177-->[androidx.work:work-runtime:2.9.0] AndroidManifest.xml:73:13-76:29
178                <action android:name="android.intent.action.ACTION_POWER_CONNECTED" />
178-->[androidx.work:work-runtime:2.9.0] AndroidManifest.xml:74:17-87
178-->[androidx.work:work-runtime:2.9.0] AndroidManifest.xml:74:25-84
179                <action android:name="android.intent.action.ACTION_POWER_DISCONNECTED" />
179-->[androidx.work:work-runtime:2.9.0] AndroidManifest.xml:75:17-90
179-->[androidx.work:work-runtime:2.9.0] AndroidManifest.xml:75:25-87
180            </intent-filter>
181        </receiver>
182        <receiver
182-->[androidx.work:work-runtime:2.9.0] AndroidManifest.xml:78:9-88:20
183            android:name="androidx.work.impl.background.systemalarm.ConstraintProxy$BatteryNotLowProxy"
183-->[androidx.work:work-runtime:2.9.0] AndroidManifest.xml:79:13-104
184            android:directBootAware="false"
184-->[androidx.work:work-runtime:2.9.0] AndroidManifest.xml:80:13-44
185            android:enabled="false"
185-->[androidx.work:work-runtime:2.9.0] AndroidManifest.xml:81:13-36
186            android:exported="false" >
186-->[androidx.work:work-runtime:2.9.0] AndroidManifest.xml:82:13-37
187            <intent-filter>
187-->[androidx.work:work-runtime:2.9.0] AndroidManifest.xml:84:13-87:29
188                <action android:name="android.intent.action.BATTERY_OKAY" />
188-->[androidx.work:work-runtime:2.9.0] AndroidManifest.xml:85:17-77
188-->[androidx.work:work-runtime:2.9.0] AndroidManifest.xml:85:25-74
189                <action android:name="android.intent.action.BATTERY_LOW" />
189-->[androidx.work:work-runtime:2.9.0] AndroidManifest.xml:86:17-76
189-->[androidx.work:work-runtime:2.9.0] AndroidManifest.xml:86:25-73
190            </intent-filter>
191        </receiver>
192        <receiver
192-->[androidx.work:work-runtime:2.9.0] AndroidManifest.xml:89:9-99:20
193            android:name="androidx.work.impl.background.systemalarm.ConstraintProxy$StorageNotLowProxy"
193-->[androidx.work:work-runtime:2.9.0] AndroidManifest.xml:90:13-104
194            android:directBootAware="false"
194-->[androidx.work:work-runtime:2.9.0] AndroidManifest.xml:91:13-44
195            android:enabled="false"
195-->[androidx.work:work-runtime:2.9.0] AndroidManifest.xml:92:13-36
196            android:exported="false" >
196-->[androidx.work:work-runtime:2.9.0] AndroidManifest.xml:93:13-37
197            <intent-filter>
197-->[androidx.work:work-runtime:2.9.0] AndroidManifest.xml:95:13-98:29
198                <action android:name="android.intent.action.DEVICE_STORAGE_LOW" />
198-->[androidx.work:work-runtime:2.9.0] AndroidManifest.xml:96:17-83
198-->[androidx.work:work-runtime:2.9.0] AndroidManifest.xml:96:25-80
199                <action android:name="android.intent.action.DEVICE_STORAGE_OK" />
199-->[androidx.work:work-runtime:2.9.0] AndroidManifest.xml:97:17-82
199-->[androidx.work:work-runtime:2.9.0] AndroidManifest.xml:97:25-79
200            </intent-filter>
201        </receiver>
202        <receiver
202-->[androidx.work:work-runtime:2.9.0] AndroidManifest.xml:100:9-109:20
203            android:name="androidx.work.impl.background.systemalarm.ConstraintProxy$NetworkStateProxy"
203-->[androidx.work:work-runtime:2.9.0] AndroidManifest.xml:101:13-103
204            android:directBootAware="false"
204-->[androidx.work:work-runtime:2.9.0] AndroidManifest.xml:102:13-44
205            android:enabled="false"
205-->[androidx.work:work-runtime:2.9.0] AndroidManifest.xml:103:13-36
206            android:exported="false" >
206-->[androidx.work:work-runtime:2.9.0] AndroidManifest.xml:104:13-37
207            <intent-filter>
207-->[androidx.work:work-runtime:2.9.0] AndroidManifest.xml:106:13-108:29
208                <action android:name="android.net.conn.CONNECTIVITY_CHANGE" />
208-->[androidx.work:work-runtime:2.9.0] AndroidManifest.xml:107:17-79
208-->[androidx.work:work-runtime:2.9.0] AndroidManifest.xml:107:25-76
209            </intent-filter>
210        </receiver>
211        <receiver
211-->[androidx.work:work-runtime:2.9.0] AndroidManifest.xml:110:9-121:20
212            android:name="androidx.work.impl.background.systemalarm.RescheduleReceiver"
212-->[androidx.work:work-runtime:2.9.0] AndroidManifest.xml:111:13-88
213            android:directBootAware="false"
213-->[androidx.work:work-runtime:2.9.0] AndroidManifest.xml:112:13-44
214            android:enabled="false"
214-->[androidx.work:work-runtime:2.9.0] AndroidManifest.xml:113:13-36
215            android:exported="false" >
215-->[androidx.work:work-runtime:2.9.0] AndroidManifest.xml:114:13-37
216            <intent-filter>
216-->[androidx.work:work-runtime:2.9.0] AndroidManifest.xml:116:13-120:29
217                <action android:name="android.intent.action.BOOT_COMPLETED" />
217-->src/main/AndroidManifest.xml:78:17-79
217-->src/main/AndroidManifest.xml:78:25-76
218                <action android:name="android.intent.action.TIME_SET" />
218-->[androidx.work:work-runtime:2.9.0] AndroidManifest.xml:118:17-73
218-->[androidx.work:work-runtime:2.9.0] AndroidManifest.xml:118:25-70
219                <action android:name="android.intent.action.TIMEZONE_CHANGED" />
219-->[androidx.work:work-runtime:2.9.0] AndroidManifest.xml:119:17-81
219-->[androidx.work:work-runtime:2.9.0] AndroidManifest.xml:119:25-78
220            </intent-filter>
221        </receiver>
222        <receiver
222-->[androidx.work:work-runtime:2.9.0] AndroidManifest.xml:122:9-131:20
223            android:name="androidx.work.impl.background.systemalarm.ConstraintProxyUpdateReceiver"
223-->[androidx.work:work-runtime:2.9.0] AndroidManifest.xml:123:13-99
224            android:directBootAware="false"
224-->[androidx.work:work-runtime:2.9.0] AndroidManifest.xml:124:13-44
225            android:enabled="@bool/enable_system_alarm_service_default"
225-->[androidx.work:work-runtime:2.9.0] AndroidManifest.xml:125:13-72
226            android:exported="false" >
226-->[androidx.work:work-runtime:2.9.0] AndroidManifest.xml:126:13-37
227            <intent-filter>
227-->[androidx.work:work-runtime:2.9.0] AndroidManifest.xml:128:13-130:29
228                <action android:name="androidx.work.impl.background.systemalarm.UpdateProxies" />
228-->[androidx.work:work-runtime:2.9.0] AndroidManifest.xml:129:17-98
228-->[androidx.work:work-runtime:2.9.0] AndroidManifest.xml:129:25-95
229            </intent-filter>
230        </receiver>
231        <receiver
231-->[androidx.work:work-runtime:2.9.0] AndroidManifest.xml:132:9-142:20
232            android:name="androidx.work.impl.diagnostics.DiagnosticsReceiver"
232-->[androidx.work:work-runtime:2.9.0] AndroidManifest.xml:133:13-78
233            android:directBootAware="false"
233-->[androidx.work:work-runtime:2.9.0] AndroidManifest.xml:134:13-44
234            android:enabled="true"
234-->[androidx.work:work-runtime:2.9.0] AndroidManifest.xml:135:13-35
235            android:exported="true"
235-->[androidx.work:work-runtime:2.9.0] AndroidManifest.xml:136:13-36
236            android:permission="android.permission.DUMP" >
236-->[androidx.work:work-runtime:2.9.0] AndroidManifest.xml:137:13-57
237            <intent-filter>
237-->[androidx.work:work-runtime:2.9.0] AndroidManifest.xml:139:13-141:29
238                <action android:name="androidx.work.diagnostics.REQUEST_DIAGNOSTICS" />
238-->[androidx.work:work-runtime:2.9.0] AndroidManifest.xml:140:17-88
238-->[androidx.work:work-runtime:2.9.0] AndroidManifest.xml:140:25-85
239            </intent-filter>
240        </receiver>
241
242        <service
242-->[androidx.core:core-remoteviews:1.0.0] AndroidManifest.xml:24:9-27:63
243            android:name="androidx.core.widget.RemoteViewsCompatService"
243-->[androidx.core:core-remoteviews:1.0.0] AndroidManifest.xml:25:13-73
244            android:permission="android.permission.BIND_REMOTEVIEWS" />
244-->[androidx.core:core-remoteviews:1.0.0] AndroidManifest.xml:26:13-69
245
246        <activity
246-->[androidx.compose.ui:ui-tooling-android:1.6.1] AndroidManifest.xml:23:9-25:39
247            android:name="androidx.compose.ui.tooling.PreviewActivity"
247-->[androidx.compose.ui:ui-tooling-android:1.6.1] AndroidManifest.xml:24:13-71
248            android:exported="true" />
248-->[androidx.compose.ui:ui-tooling-android:1.6.1] AndroidManifest.xml:25:13-36
249        <activity
249-->[androidx.compose.ui:ui-test-manifest:1.6.1] AndroidManifest.xml:23:9-25:39
250            android:name="androidx.activity.ComponentActivity"
250-->[androidx.compose.ui:ui-test-manifest:1.6.1] AndroidManifest.xml:24:13-63
251            android:exported="true" />
251-->[androidx.compose.ui:ui-test-manifest:1.6.1] AndroidManifest.xml:25:13-36
252
253        <service
253-->[androidx.room:room-runtime:2.6.1] AndroidManifest.xml:24:9-28:63
254            android:name="androidx.room.MultiInstanceInvalidationService"
254-->[androidx.room:room-runtime:2.6.1] AndroidManifest.xml:25:13-74
255            android:directBootAware="true"
255-->[androidx.room:room-runtime:2.6.1] AndroidManifest.xml:26:13-43
256            android:exported="false" />
256-->[androidx.room:room-runtime:2.6.1] AndroidManifest.xml:27:13-37
257
258        <receiver
258-->[androidx.profileinstaller:profileinstaller:1.3.0] AndroidManifest.xml:34:9-52:20
259            android:name="androidx.profileinstaller.ProfileInstallReceiver"
259-->[androidx.profileinstaller:profileinstaller:1.3.0] AndroidManifest.xml:35:13-76
260            android:directBootAware="false"
260-->[androidx.profileinstaller:profileinstaller:1.3.0] AndroidManifest.xml:36:13-44
261            android:enabled="true"
261-->[androidx.profileinstaller:profileinstaller:1.3.0] AndroidManifest.xml:37:13-35
262            android:exported="true"
262-->[androidx.profileinstaller:profileinstaller:1.3.0] AndroidManifest.xml:38:13-36
263            android:permission="android.permission.DUMP" >
263-->[androidx.profileinstaller:profileinstaller:1.3.0] AndroidManifest.xml:39:13-57
264            <intent-filter>
264-->[androidx.profileinstaller:profileinstaller:1.3.0] AndroidManifest.xml:40:13-42:29
265                <action android:name="androidx.profileinstaller.action.INSTALL_PROFILE" />
265-->[androidx.profileinstaller:profileinstaller:1.3.0] AndroidManifest.xml:41:17-91
265-->[androidx.profileinstaller:profileinstaller:1.3.0] AndroidManifest.xml:41:25-88
266            </intent-filter>
267            <intent-filter>
267-->[androidx.profileinstaller:profileinstaller:1.3.0] AndroidManifest.xml:43:13-45:29
268                <action android:name="androidx.profileinstaller.action.SKIP_FILE" />
268-->[androidx.profileinstaller:profileinstaller:1.3.0] AndroidManifest.xml:44:17-85
268-->[androidx.profileinstaller:profileinstaller:1.3.0] AndroidManifest.xml:44:25-82
269            </intent-filter>
270            <intent-filter>
270-->[androidx.profileinstaller:profileinstaller:1.3.0] AndroidManifest.xml:46:13-48:29
271                <action android:name="androidx.profileinstaller.action.SAVE_PROFILE" />
271-->[androidx.profileinstaller:profileinstaller:1.3.0] AndroidManifest.xml:47:17-88
271-->[androidx.profileinstaller:profileinstaller:1.3.0] AndroidManifest.xml:47:25-85
272            </intent-filter>
273            <intent-filter>
273-->[androidx.profileinstaller:profileinstaller:1.3.0] AndroidManifest.xml:49:13-51:29
274                <action android:name="androidx.profileinstaller.action.BENCHMARK_OPERATION" />
274-->[androidx.profileinstaller:profileinstaller:1.3.0] AndroidManifest.xml:50:17-95
274-->[androidx.profileinstaller:profileinstaller:1.3.0] AndroidManifest.xml:50:25-92
275            </intent-filter>
276        </receiver>
277    </application>
278
279</manifest>